<?xml version="1.0" encoding="UTF-8"?>
<!-- Generated by org.testng.reporters.JUnitReportReporter -->
<testsuite skipped="0" hostname="DESKTOP-57DPOHQ" name="suiteB.TestB2" tests="1" failures="0" timestamp="2020-11-17T11:56:24 IST" time="2.000" errors="0">
  <testcase name="f" time="2.000" classname="suiteB.TestB2"/>
  <system-out/>
</testsuite> <!-- suiteB.TestB2 -->
