<?xml version="1.0" encoding="UTF-8"?>
<!-- Generated by org.testng.reporters.JUnitReportReporter -->
<testsuite skipped="0" hostname="DESKTOP-57DPOHQ" name="parallel.TestMethod" tests="2" failures="0" timestamp="2020-11-17T11:56:24 IST" time="0.007" errors="0">
  <testcase name="sampleTest1" time="0.007" classname="parallel.TestMethod"/>
  <system-out/>
  <testcase name="sampleTest2" time="0.000" classname="parallel.TestMethod"/>
  <system-out/>
</testsuite> <!-- parallel.TestMethod -->
