<?xml version="1.0" encoding="UTF-8"?>
<!-- Generated by org.testng.reporters.JUnitReportReporter -->
<testsuite skipped="0" hostname="DESKTOP-57DPOHQ" name="com.sept2.newmaven.AppTest" tests="1" failures="0" timestamp="2020-11-17T11:56:24 IST" time="0.000" errors="0">
  <testcase name="testApp" time="0.000" classname="com.sept2.newmaven.AppTest"/>
  <system-out/>
</testsuite> <!-- com.sept2.newmaven.AppTest -->
