<?xml version="1.0" encoding="UTF-8"?>
<!-- Generated by org.testng.reporters.JUnitReportReporter -->
<testsuite skipped="0" hostname="DESKTOP-57DPOHQ" name="com.project.SeptemberSelenium12PMMaven.AppTest" tests="1" failures="0" timestamp="2020-11-17T11:56:24 IST" time="0.003" errors="0">
  <testcase name="testApp" time="0.003" classname="com.project.SeptemberSelenium12PMMaven.AppTest"/>
  <system-out/>
</testsuite> <!-- com.project.SeptemberSelenium12PMMaven.AppTest -->
